[debug] [2018-07-26T00:12:01.831Z] ----------------------------------------------------------------------
[debug] [2018-07-26T00:12:01.833Z] Command:       /usr/local/bin/node /usr/local/bin/firebase serve --only hosting
[debug] [2018-07-26T00:12:01.833Z] CLI Version:   4.0.0
[debug] [2018-07-26T00:12:01.834Z] Platform:      darwin
[debug] [2018-07-26T00:12:01.834Z] Node Version:  v8.9.4
[debug] [2018-07-26T00:12:01.834Z] Time:          Wed Jul 25 2018 19:12:01 GMT-0500 (CDT)
[debug] [2018-07-26T00:12:01.834Z] ----------------------------------------------------------------------
[debug] 
[debug] [2018-07-26T00:12:01.848Z] > command requires scopes: ["email","openid","https://www.googleapis.com/auth/cloudplatformprojects.readonly","https://www.googleapis.com/auth/firebase","https://www.googleapis.com/auth/cloud-platform"]
[debug] [2018-07-26T00:12:01.848Z] > authorizing via signed-in user
[debug] [2018-07-26T00:12:01.850Z] > refreshing access token with scopes: ["email","https://www.googleapis.com/auth/cloud-platform","https://www.googleapis.com/auth/cloudplatformprojects.readonly","https://www.googleapis.com/auth/firebase","openid"]
[debug] [2018-07-26T00:12:01.850Z] >>> HTTP REQUEST POST https://www.googleapis.com/oauth2/v3/token  
 { refresh_token: '1/t6jC_50ck1Tzu1B5EkTinup7fjONI5c1BKsoRhUR-i0',
  client_id: '563584335869-fgrhgmd47bqnekij5i8b5pr03ho849e6.apps.googleusercontent.com',
  client_secret: 'j9iVZfS8kkCEFUPaAeJV0sAi',
  grant_type: 'refresh_token',
  scope: 'email https://www.googleapis.com/auth/cloud-platform https://www.googleapis.com/auth/cloudplatformprojects.readonly https://www.googleapis.com/auth/firebase openid' } 
 Wed Jul 25 2018 19:12:01 GMT-0500 (CDT)
[debug] [2018-07-26T00:12:02.220Z] <<< HTTP RESPONSE 200
[debug] [2018-07-26T00:12:02.400Z] >>> HTTP REQUEST GET https://admin.firebase.com/v1/projects/infinitepower-f3ff3  
  
 Wed Jul 25 2018 19:12:02 GMT-0500 (CDT)
[debug] [2018-07-26T00:12:02.706Z] <<< HTTP RESPONSE 200
[debug] [2018-07-26T00:12:02.707Z] >>> HTTP REQUEST GET https://admin.firebase.com/v1/database/infinitepower-f3ff3/tokens  
  
 Wed Jul 25 2018 19:12:02 GMT-0500 (CDT)
[debug] [2018-07-26T00:12:03.102Z] <<< HTTP RESPONSE 200
[debug] [2018-07-26T00:12:03.103Z] >>> HTTP REQUEST GET https://cloudresourcemanager.googleapis.com/v1/projects/infinitepower-f3ff3  
  
 Wed Jul 25 2018 19:12:03 GMT-0500 (CDT)
[debug] [2018-07-26T00:12:03.488Z] <<< HTTP RESPONSE 200
[info] 
[info] === Serving from '/Users/andrewmcconnell/Documents/Firebase/vue-firebase'...
[info] 
[debug] [2018-07-26T00:12:03.491Z] >>> HTTP REQUEST GET https://mobilesdk-pa.googleapis.com/v1/projects/391847262477/clients/_:getWebAppConfig  
  
 Wed Jul 25 2018 19:12:03 GMT-0500 (CDT)
[debug] [2018-07-26T00:12:03.796Z] <<< HTTP RESPONSE 200
[info] i  hosting: Serving hosting files from: public
[info] ✔  hosting: Local server: http://localhost:5000

